Mdi:ArrangeIcons
wm geometry . 900x785+-10+76
Mdi:ArrangeIcons
wm geometry . 900x785+-10+68
Mdi:ArrangeIcons
wm geometry . 900x785+-10+55
Mdi:ArrangeIcons
wm geometry . 900x785+-10+32
Mdi:ArrangeIcons
wm geometry . 900x785+-10+24
Mdi:ArrangeIcons
wm geometry . 900x785+-9+24
Mdi:ArrangeIcons
wm geometry . 900x785+-7+24
Mdi:ArrangeIcons
wm geometry . 900x785+-6+24
Mdi:ArrangeIcons
wm geometry . 1920x958+0+32
ScopeSigMgr:loadpffile /home/jstreck2/ece482.work/ECE-482-Final-Project/ECE-482-Final-Project/ece_482_proj_tb2.tr0 1 openonly
# PF:1
wm geometry .sigmgr._PF:1 290x358+1920+540
Mdi:Resize 1799 808
Mdi:Move 5 5
pf:read PF:1 v(p0_oc)
# WF:1:1
Graph addsignal WF:1:1 -region new -yview real(y) -xview real(x) -tracehi 2
# Signal0
wm geometry .sigmgr 467x236+1428+129
wm geometry .sigmgr 467x236+1404+134
wm geometry .sigmgr 467x236+1363+141
wm geometry .sigmgr 467x236+1298+155
wm geometry .sigmgr 467x236+1226+169
wm geometry .sigmgr 467x236+1206+173
wm geometry .sigmgr 467x236+1140+191
wm geometry .sigmgr 467x236+1068+213
wm geometry .sigmgr 467x236+1028+223
wm geometry .sigmgr 467x236+940+244
wm geometry .sigmgr 467x236+897+254
wm geometry .sigmgr 467x236+846+264
wm geometry .sigmgr 467x236+801+274
wm geometry .sigmgr 467x236+761+283
wm geometry .sigmgr 467x236+738+288
wm geometry .sigmgr 467x236+719+291
wm geometry .sigmgr 467x236+706+293
wm geometry .sigmgr 467x236+675+293
wm geometry .sigmgr 467x236+662+293
wm geometry .sigmgr 467x236+657+292
wm geometry .sigmgr 467x236+636+276
wm geometry .sigmgr 467x236+635+271
wm geometry .sigmgr 467x236+631+263
wm geometry .sigmgr 467x236+628+253
wm geometry .sigmgr 467x236+623+244
wm geometry .sigmgr 467x236+617+234
wm geometry .sigmgr 467x236+612+225
wm geometry .sigmgr 467x236+607+217
wm geometry .sigmgr 467x236+604+210
wm geometry .sigmgr 467x236+602+202
wm geometry .sigmgr 467x236+601+201
wm geometry .sigmgr 467x236+600+196
wm geometry .sigmgr 467x236+596+189
wm geometry .sigmgr 467x236+594+182
wm geometry .sigmgr 467x236+593+177
wm geometry .sigmgr 467x236+591+171
wm geometry .sigmgr 467x236+590+164
wm geometry .sigmgr 467x236+590+163
wm geometry .sigmgr 467x236+588+157
wm geometry .sigmgr 467x236+588+153
wm geometry .sigmgr 467x236+587+146
wm geometry .sigmgr 467x236+587+145
wm geometry .sigmgr 467x236+587+141
wm geometry .sigmgr 467x236+587+137
wm geometry .sigmgr 467x236+587+133
wm geometry .sigmgr 467x236+588+128
wm geometry .sigmgr 467x236+590+124
wm geometry .sigmgr 467x236+593+116
wm geometry .sigmgr 467x236+597+109
wm geometry .sigmgr 467x236+600+104
wm geometry .sigmgr 467x236+603+97
wm geometry .sigmgr 467x236+603+96
wm geometry .sigmgr 467x236+605+93
wm geometry .sigmgr 467x236+609+88
wm geometry .sigmgr 467x236+616+82
wm geometry .sigmgr 467x236+619+79
wm geometry .sigmgr 467x236+621+78
wm geometry .sigmgr 467x236+622+77
wm geometry .sigmgr 467x236+623+77
wm geometry .sigmgr 467x236+624+76
wm geometry .sigmgr 467x236+627+75
wm geometry .sigmgr 467x236+630+74
wm geometry .sigmgr 467x236+634+72
wm geometry .sigmgr 467x236+637+71
wm geometry .sigmgr 467x236+639+69
wm geometry .sigmgr 467x236+641+68
wm geometry .sigmgr 467x236+643+67
wm geometry .sigmgr 467x236+645+65
wm geometry .sigmgr 467x236+646+64
wm geometry .sigmgr 467x236+646+63
wm geometry .sigmgr 467x236+647+63
wm geometry .sigmgr 467x236+647+62
wm geometry .sigmgr 467x236+646+59
wm geometry .sigmgr 467x236+645+57
wm geometry .sigmgr 467x236+644+56
wm geometry .sigmgr 467x236+643+55
wm geometry .sigmgr 467x236+643+54
pf:read PF:1 v(p1_oc)
# WF:1:2
Graph addsignal WF:1:2 -region new -yview real(y) -xview real(x) -tracehi 2
# Signal1
pf:read PF:1 v(p2_oc)
# WF:1:3
Graph addsignal WF:1:3 -region new -yview real(y) -xview real(x) -tracehi 2
# Signal2
pf:read PF:1 v(p3_oc)
# WF:1:4
Graph addsignal WF:1:4 -region new -yview real(y) -xview real(x) -tracehi 2
# Signal3
pf:read PF:1 v(p4_oc)
# WF:1:5
Graph addsignal WF:1:5 -region new -yview real(y) -xview real(x) -tracehi 2
# Signal4
pf:read PF:1 v(p5_oc)
# WF:1:6
Graph addsignal WF:1:6 -region new -yview real(y) -xview real(x) -tracehi 2
# Signal5
pf:read PF:1 v(p6_oc)
# WF:1:7
Graph addsignal WF:1:7 -region new -yview real(y) -xview real(x) -tracehi 2
# Signal6
pf:read PF:1 v(p7_oc)
# WF:1:8
Graph addsignal WF:1:8 -region new -yview real(y) -xview real(x) -tracehi 2
# Signal7
wm geometry .sigmgr 467x236+643+55
wm geometry .sigmgr 467x236+643+59
wm geometry .sigmgr 467x236+645+69
wm geometry .sigmgr 467x236+654+87
wm geometry .sigmgr 467x236+663+104
wm geometry .sigmgr 467x236+675+122
wm geometry .sigmgr 467x236+692+145
wm geometry .sigmgr 467x236+717+171
wm geometry .sigmgr 467x236+743+198
wm geometry .sigmgr 467x236+761+222
wm geometry .sigmgr 467x236+790+259
wm geometry .sigmgr 467x236+816+290
wm geometry .sigmgr 467x236+832+313
wm geometry .sigmgr 467x236+841+323
wm geometry .sigmgr 467x236+843+328
wm geometry .sigmgr 467x236+845+337
wm geometry .sigmgr 467x236+845+344
wm geometry .sigmgr 467x236+843+356
wm geometry .sigmgr 467x236+837+365
wm geometry .sigmgr 467x236+824+375
wm geometry .sigmgr 467x236+807+383
wm geometry .sigmgr 467x236+786+387
wm geometry .sigmgr 467x236+768+387
wm geometry .sigmgr 467x236+759+389
wm geometry .sigmgr 467x236+753+389
wm geometry .sigmgr 467x236+750+390
wm geometry .sigmgr 467x236+745+391
wm geometry .sigmgr 467x236+742+391
wm geometry .sigmgr 467x236+741+392
wm geometry .sigmgr 467x236+741+394
wm geometry .sigmgr 467x236+739+395
wm geometry .sigmgr 467x236+739+396
wm geometry .sigmgr 467x236+738+397
wm geometry .sigmgr 467x236+735+399
wm geometry .sigmgr 467x236+733+400
wm geometry .sigmgr 467x236+733+401
wm geometry .sigmgr 467x236+733+403
wm geometry .sigmgr 467x236+733+405
wm geometry .sigmgr 467x236+733+407
wm geometry .sigmgr 467x236+734+412
wm geometry .sigmgr 467x236+736+418
wm geometry .sigmgr 467x236+738+426
wm geometry .sigmgr 467x236+742+438
wm geometry .sigmgr 467x236+746+448
wm geometry .sigmgr 467x236+753+460
wm geometry .sigmgr 467x236+759+470
wm geometry .sigmgr 467x236+764+481
wm geometry .sigmgr 467x236+768+489
wm geometry .sigmgr 467x236+770+496
wm geometry .sigmgr 467x236+772+501
wm geometry .sigmgr 467x236+774+508
wm geometry .sigmgr 467x236+778+515
wm geometry .sigmgr 467x236+780+521
wm geometry .sigmgr 467x236+781+527
wm geometry .sigmgr 467x236+782+534
wm geometry .sigmgr 467x236+786+544
wm geometry .sigmgr 467x236+791+557
wm geometry .sigmgr 467x236+800+570
wm geometry .sigmgr 467x236+808+582
wm geometry .sigmgr 467x236+811+589
wm geometry .sigmgr 467x236+814+593
wm geometry .sigmgr 467x236+818+597
wm geometry .sigmgr 467x236+822+602
wm geometry .sigmgr 467x236+825+605
wm geometry .sigmgr 467x236+828+607
wm geometry .sigmgr 467x236+830+609
wm geometry .sigmgr 467x236+832+611
wm geometry .sigmgr 467x236+836+614
wm geometry .sigmgr 467x236+841+618
wm geometry .sigmgr 467x236+848+623
wm geometry .sigmgr 467x236+852+625
wm geometry .sigmgr 467x236+854+627
wm geometry .sigmgr 467x236+854+625
wm geometry .sigmgr 467x236+853+619
wm geometry .sigmgr 467x236+850+611
wm geometry .sigmgr 467x236+850+603
wm geometry .sigmgr 467x236+850+594
wm geometry .sigmgr 467x236+852+585
wm geometry .sigmgr 467x236+852+580
wm geometry .sigmgr 467x236+852+572
wm geometry .sigmgr 467x236+849+563
wm geometry .sigmgr 467x236+847+558
wm geometry .sigmgr 467x236+847+556
wm geometry .sigmgr 467x236+847+555
wm geometry .sigmgr 467x236+848+555
wm geometry .sigmgr 467x236+849+557
wm geometry .sigmgr 467x236+850+557
Graph:DSel
Graph:Select Graph0
GrMeas:AtX Graph0 Signal6 {} xyrangeAll
# M:0
Graph:DSel
GrMeas:Select Graph0 M:0 0 1
GrMeas:MovePoint Graph0 M:0 0 41.411817792388n 0.17038211226464
GrMeas:MoveText Graph0 M:0 0 -66 5
Graph:DSel
GrMeas:Select Graph0 M:0 0 2
GrMeas:MoveText Graph0 M:0 0 -122 8
GrMeas:MovePoint Graph0 M:0 0 41.411817792388n 0.17038211226464
GrMeas:AtX Graph0 Signal4 {} xyrangeAll
# M:1
Graph:DSel
GrMeas:Select Graph0 M:1 0 1
GrMeas:MovePoint Graph0 M:1 0 41.411817792388n 0.17038249969484
GrMeas:MoveText Graph0 M:1 0 -89 -3
GrMeas:AtX Graph0 Signal3 {} xyrangeAll
# M:2
wm geometry .sigmgr 467x236+850+559
wm geometry .sigmgr 467x236+841+570
wm geometry .sigmgr 467x236+827+588
wm geometry .sigmgr 467x236+824+594
wm geometry .sigmgr 467x236+809+619
wm geometry .sigmgr 467x236+794+640
wm geometry .sigmgr 467x236+784+655
wm geometry .sigmgr 467x236+777+667
wm geometry .sigmgr 467x236+773+673
wm geometry .sigmgr 467x236+773+675
wm geometry .sigmgr 467x236+773+674
wm geometry .sigmgr 467x236+772+673
Graph:DSel
GrMeas:Select Graph0 M:2 0 1
GrMeas:MovePoint Graph0 M:2 0 41.411817792388n 0.17038211226464
GrMeas:MoveText Graph0 M:2 0 -157 -12
Graph addsignal WF:2:1 -region 0 -yview real(y) -xview real(x) -rainbow 0 -rbcolors {} -fill green -linestyle - -width 1 -symbol {} -symwidth 10 -bar {} -barwidth 0 -baseline 0.0 -stipple {} -label v(p0_oc) -xaxis 0 -yaxis 0 -tracehi 2 -bus {} -segdisp y -monotonicdisp 0
# Signal8
Graph addsignal WF:2:2 -region 1 -yview real(y) -xview real(x) -rainbow 0 -rbcolors {} -fill magenta -linestyle - -width 1 -symbol {} -symwidth 10 -bar {} -barwidth 0 -baseline 0.0 -stipple {} -label v(p1_oc) -xaxis 0 -yaxis 0 -tracehi 2 -bus {} -segdisp y -monotonicdisp 0
# Signal9
Graph addsignal WF:2:3 -region 2 -yview real(y) -xview real(x) -rainbow 0 -rbcolors {} -fill cyan -linestyle - -width 1 -symbol {} -symwidth 10 -bar {} -barwidth 0 -baseline 0.0 -stipple {} -label v(p2_oc) -xaxis 0 -yaxis 0 -tracehi 2 -bus {} -segdisp y -monotonicdisp 0
# Signal10
Graph addsignal WF:2:4 -region 3 -yview real(y) -xview real(x) -rainbow 0 -rbcolors {} -fill yellow -linestyle - -width 1 -symbol {} -symwidth 10 -bar {} -barwidth 0 -baseline 0.0 -stipple {} -label v(p3_oc) -xaxis 0 -yaxis 0 -tracehi 2 -bus {} -segdisp y -monotonicdisp 0
# Signal11
GrMeas:AtX Graph0 Signal11 41.411817792388n xyrangeAll
# M:3
Graph addsignal WF:2:5 -region 4 -yview real(y) -xview real(x) -rainbow 0 -rbcolors {} -fill #FF8000 -linestyle - -width 1 -symbol {} -symwidth 10 -bar {} -barwidth 0 -baseline 0.0 -stipple {} -label v(p4_oc) -xaxis 0 -yaxis 0 -tracehi 2 -bus {} -segdisp y -monotonicdisp 0
# Signal12
GrMeas:AtX Graph0 Signal12 41.411817792388n xyrangeAll
# M:4
Graph addsignal WF:2:6 -region 5 -yview real(y) -xview real(x) -rainbow 0 -rbcolors {} -fill #89ffbb -linestyle - -width 1 -symbol {} -symwidth 10 -bar {} -barwidth 0 -baseline 0.0 -stipple {} -label v(p5_oc) -xaxis 0 -yaxis 0 -tracehi 2 -bus {} -segdisp y -monotonicdisp 0
# Signal13
Graph addsignal WF:2:7 -region 6 -yview real(y) -xview real(x) -rainbow 0 -rbcolors {} -fill #edbfff -linestyle - -width 1 -symbol {} -symwidth 10 -bar {} -barwidth 0 -baseline 0.0 -stipple {} -label v(p6_oc) -xaxis 0 -yaxis 0 -tracehi 2 -bus {} -segdisp y -monotonicdisp 0
# Signal14
GrMeas:AtX Graph0 Signal14 41.411817792388n xyrangeAll
# M:5
Graph addsignal WF:2:8 -region 7 -yview real(y) -xview real(x) -rainbow 0 -rbcolors {} -fill #0080FF -linestyle - -width 1 -symbol {} -symwidth 10 -bar {} -barwidth 0 -baseline 0.0 -stipple {} -label v(p7_oc) -xaxis 0 -yaxis 0 -tracehi 2 -bus {} -segdisp y -monotonicdisp 0
# Signal15
Graph itemselect all rem
Graph itemselect Signal0 add
# Signal0
Graph itemselect Signal1 add
# Signal1
Graph itemselect Signal2 add
# Signal2
Graph itemselect Signal3 add
# Signal3
Graph itemselect Signal4 add
# Signal4
Graph itemselect Signal5 add
# Signal5
Graph itemselect Signal6 add
# Signal6
Graph itemselect Signal7 add
# Signal7
Graph delsignal selected
Graph addsignal WF:3:1 -region 0 -yview real(y) -xview real(x) -rainbow 0 -rbcolors {} -fill green -linestyle - -width 1 -symbol {} -symwidth 10 -bar {} -barwidth 0 -baseline 0.0 -stipple {} -label v(p0_oc) -xaxis 0 -yaxis 0 -tracehi 2 -bus {} -segdisp y -monotonicdisp 0
# Signal16
Graph addsignal WF:3:2 -region 1 -yview real(y) -xview real(x) -rainbow 0 -rbcolors {} -fill magenta -linestyle - -width 1 -symbol {} -symwidth 10 -bar {} -barwidth 0 -baseline 0.0 -stipple {} -label v(p1_oc) -xaxis 0 -yaxis 0 -tracehi 2 -bus {} -segdisp y -monotonicdisp 0
# Signal17
Graph addsignal WF:3:3 -region 2 -yview real(y) -xview real(x) -rainbow 0 -rbcolors {} -fill cyan -linestyle - -width 1 -symbol {} -symwidth 10 -bar {} -barwidth 0 -baseline 0.0 -stipple {} -label v(p2_oc) -xaxis 0 -yaxis 0 -tracehi 2 -bus {} -segdisp y -monotonicdisp 0
# Signal18
Graph addsignal WF:3:4 -region 3 -yview real(y) -xview real(x) -rainbow 0 -rbcolors {} -fill yellow -linestyle - -width 1 -symbol {} -symwidth 10 -bar {} -barwidth 0 -baseline 0.0 -stipple {} -label v(p3_oc) -xaxis 0 -yaxis 0 -tracehi 2 -bus {} -segdisp y -monotonicdisp 0
# Signal19
GrMeas:AtX Graph0 Signal19 41.411817792388n xyrangeAll
# M:6
Graph addsignal WF:3:5 -region 4 -yview real(y) -xview real(x) -rainbow 0 -rbcolors {} -fill #FF8000 -linestyle - -width 1 -symbol {} -symwidth 10 -bar {} -barwidth 0 -baseline 0.0 -stipple {} -label v(p4_oc) -xaxis 0 -yaxis 0 -tracehi 2 -bus {} -segdisp y -monotonicdisp 0
# Signal20
GrMeas:AtX Graph0 Signal20 41.411817792388n xyrangeAll
# M:7
Graph addsignal WF:3:6 -region 5 -yview real(y) -xview real(x) -rainbow 0 -rbcolors {} -fill #89ffbb -linestyle - -width 1 -symbol {} -symwidth 10 -bar {} -barwidth 0 -baseline 0.0 -stipple {} -label v(p5_oc) -xaxis 0 -yaxis 0 -tracehi 2 -bus {} -segdisp y -monotonicdisp 0
# Signal21
Graph addsignal WF:3:7 -region 6 -yview real(y) -xview real(x) -rainbow 0 -rbcolors {} -fill #edbfff -linestyle - -width 1 -symbol {} -symwidth 10 -bar {} -barwidth 0 -baseline 0.0 -stipple {} -label v(p6_oc) -xaxis 0 -yaxis 0 -tracehi 2 -bus {} -segdisp y -monotonicdisp 0
# Signal22
GrMeas:AtX Graph0 Signal22 41.411817792388n xyrangeAll
# M:8
Graph addsignal WF:3:8 -region 7 -yview real(y) -xview real(x) -rainbow 0 -rbcolors {} -fill #0080FF -linestyle - -width 1 -symbol {} -symwidth 10 -bar {} -barwidth 0 -baseline 0.0 -stipple {} -label v(p7_oc) -xaxis 0 -yaxis 0 -tracehi 2 -bus {} -segdisp y -monotonicdisp 0
# Signal23
Graph itemselect all rem
Graph itemselect Signal8 add
# Signal8
Graph itemselect Signal9 add
# Signal9
Graph itemselect Signal10 add
# Signal10
Graph itemselect Signal11 add
# Signal11
Graph itemselect Signal12 add
# Signal12
Graph itemselect Signal13 add
# Signal13
Graph itemselect Signal14 add
# Signal14
Graph itemselect Signal15 add
# Signal15
Graph delsignal selected
Graph addsignal WF:4:1 -region 0 -yview real(y) -xview real(x) -rainbow 0 -rbcolors {} -fill green -linestyle - -width 1 -symbol {} -symwidth 10 -bar {} -barwidth 0 -baseline 0.0 -stipple {} -label v(p0_oc) -xaxis 0 -yaxis 0 -tracehi 2 -bus {} -segdisp y -monotonicdisp 0
# Signal24
Graph addsignal WF:4:2 -region 1 -yview real(y) -xview real(x) -rainbow 0 -rbcolors {} -fill magenta -linestyle - -width 1 -symbol {} -symwidth 10 -bar {} -barwidth 0 -baseline 0.0 -stipple {} -label v(p1_oc) -xaxis 0 -yaxis 0 -tracehi 2 -bus {} -segdisp y -monotonicdisp 0
# Signal25
Graph addsignal WF:4:3 -region 2 -yview real(y) -xview real(x) -rainbow 0 -rbcolors {} -fill cyan -linestyle - -width 1 -symbol {} -symwidth 10 -bar {} -barwidth 0 -baseline 0.0 -stipple {} -label v(p2_oc) -xaxis 0 -yaxis 0 -tracehi 2 -bus {} -segdisp y -monotonicdisp 0
# Signal26
Graph addsignal WF:4:4 -region 3 -yview real(y) -xview real(x) -rainbow 0 -rbcolors {} -fill yellow -linestyle - -width 1 -symbol {} -symwidth 10 -bar {} -barwidth 0 -baseline 0.0 -stipple {} -label v(p3_oc) -xaxis 0 -yaxis 0 -tracehi 2 -bus {} -segdisp y -monotonicdisp 0
# Signal27
GrMeas:AtX Graph0 Signal27 41.411817792388n xyrangeAll
# M:9
Graph addsignal WF:4:5 -region 4 -yview real(y) -xview real(x) -rainbow 0 -rbcolors {} -fill #FF8000 -linestyle - -width 1 -symbol {} -symwidth 10 -bar {} -barwidth 0 -baseline 0.0 -stipple {} -label v(p4_oc) -xaxis 0 -yaxis 0 -tracehi 2 -bus {} -segdisp y -monotonicdisp 0
# Signal28
GrMeas:AtX Graph0 Signal28 41.411817792388n xyrangeAll
# M:10
Graph addsignal WF:4:6 -region 5 -yview real(y) -xview real(x) -rainbow 0 -rbcolors {} -fill #89ffbb -linestyle - -width 1 -symbol {} -symwidth 10 -bar {} -barwidth 0 -baseline 0.0 -stipple {} -label v(p5_oc) -xaxis 0 -yaxis 0 -tracehi 2 -bus {} -segdisp y -monotonicdisp 0
# Signal29
Graph addsignal WF:4:7 -region 6 -yview real(y) -xview real(x) -rainbow 0 -rbcolors {} -fill #edbfff -linestyle - -width 1 -symbol {} -symwidth 10 -bar {} -barwidth 0 -baseline 0.0 -stipple {} -label v(p6_oc) -xaxis 0 -yaxis 0 -tracehi 2 -bus {} -segdisp y -monotonicdisp 0
# Signal30
GrMeas:AtX Graph0 Signal30 41.411817792388n xyrangeAll
# M:11
Graph addsignal WF:4:8 -region 7 -yview real(y) -xview real(x) -rainbow 0 -rbcolors {} -fill #0080FF -linestyle - -width 1 -symbol {} -symwidth 10 -bar {} -barwidth 0 -baseline 0.0 -stipple {} -label v(p7_oc) -xaxis 0 -yaxis 0 -tracehi 2 -bus {} -segdisp y -monotonicdisp 0
# Signal31
Graph itemselect all rem
Graph itemselect Signal16 add
# Signal16
Graph itemselect Signal17 add
# Signal17
Graph itemselect Signal18 add
# Signal18
Graph itemselect Signal19 add
# Signal19
Graph itemselect Signal20 add
# Signal20
Graph itemselect Signal21 add
# Signal21
Graph itemselect Signal22 add
# Signal22
Graph itemselect Signal23 add
# Signal23
Graph delsignal selected
Graph:DSel
GrMeas:Select Graph0 M:9 0 1
GrMeas:MovePoint Graph0 M:9 0 42.589857447254n 0.12507421711359
GrMeas:AtX Graph0 Signal24 {} xyrangeAll
# M:12
wm geometry .sigmgr 467x236+772+671
wm geometry .sigmgr 467x236+772+655
wm geometry .sigmgr 467x236+772+620
wm geometry .sigmgr 467x236+766+572
wm geometry .sigmgr 467x236+756+531
wm geometry .sigmgr 467x236+740+486
wm geometry .sigmgr 467x236+723+449
wm geometry .sigmgr 467x236+701+410
wm geometry .sigmgr 467x236+684+384
wm geometry .sigmgr 467x236+672+369
wm geometry .sigmgr 467x236+663+362
wm geometry .sigmgr 467x236+657+356
wm geometry .sigmgr 467x236+654+353
wm geometry .sigmgr 467x236+650+350
wm geometry .sigmgr 467x236+646+346
wm geometry .sigmgr 467x236+642+343
wm geometry .sigmgr 467x236+640+341
Graph:DSel
GrMeas:Select Graph0 M:12 0 1
GrMeas:MovePoint Graph0 M:12 0 43.999999999999n 1.2104359865189
Graph:DSel
GrMeas:Select Graph0 M:12 0 2
GrMeas:MoveText Graph0 M:12 0 -98 -13
Graph addsignal WF:5:1 -region 0 -yview real(y) -xview real(x) -rainbow 0 -rbcolors {} -fill green -linestyle - -width 1 -symbol {} -symwidth 10 -bar {} -barwidth 0 -baseline 0.0 -stipple {} -label v(p0_oc) -xaxis 0 -yaxis 0 -tracehi 2 -bus {} -segdisp y -monotonicdisp 0
# Signal32
GrMeas:AtX Graph0 Signal32 43.999999999999n xyrangeAll
# M:13
Graph addsignal WF:5:2 -region 1 -yview real(y) -xview real(x) -rainbow 0 -rbcolors {} -fill magenta -linestyle - -width 1 -symbol {} -symwidth 10 -bar {} -barwidth 0 -baseline 0.0 -stipple {} -label v(p1_oc) -xaxis 0 -yaxis 0 -tracehi 2 -bus {} -segdisp y -monotonicdisp 0
# Signal33
Graph addsignal WF:5:3 -region 2 -yview real(y) -xview real(x) -rainbow 0 -rbcolors {} -fill cyan -linestyle - -width 1 -symbol {} -symwidth 10 -bar {} -barwidth 0 -baseline 0.0 -stipple {} -label v(p2_oc) -xaxis 0 -yaxis 0 -tracehi 2 -bus {} -segdisp y -monotonicdisp 0
# Signal34
Graph addsignal WF:5:4 -region 3 -yview real(y) -xview real(x) -rainbow 0 -rbcolors {} -fill yellow -linestyle - -width 1 -symbol {} -symwidth 10 -bar {} -barwidth 0 -baseline 0.0 -stipple {} -label v(p3_oc) -xaxis 0 -yaxis 0 -tracehi 2 -bus {} -segdisp y -monotonicdisp 0
# Signal35
GrMeas:AtX Graph0 Signal35 42.589857447254n xyrangeAll
# M:14
Graph addsignal WF:5:5 -region 4 -yview real(y) -xview real(x) -rainbow 0 -rbcolors {} -fill #FF8000 -linestyle - -width 1 -symbol {} -symwidth 10 -bar {} -barwidth 0 -baseline 0.0 -stipple {} -label v(p4_oc) -xaxis 0 -yaxis 0 -tracehi 2 -bus {} -segdisp y -monotonicdisp 0
# Signal36
GrMeas:AtX Graph0 Signal36 41.411817792388n xyrangeAll
# M:15
Graph addsignal WF:5:6 -region 5 -yview real(y) -xview real(x) -rainbow 0 -rbcolors {} -fill #89ffbb -linestyle - -width 1 -symbol {} -symwidth 10 -bar {} -barwidth 0 -baseline 0.0 -stipple {} -label v(p5_oc) -xaxis 0 -yaxis 0 -tracehi 2 -bus {} -segdisp y -monotonicdisp 0
# Signal37
Graph addsignal WF:5:7 -region 6 -yview real(y) -xview real(x) -rainbow 0 -rbcolors {} -fill #edbfff -linestyle - -width 1 -symbol {} -symwidth 10 -bar {} -barwidth 0 -baseline 0.0 -stipple {} -label v(p6_oc) -xaxis 0 -yaxis 0 -tracehi 2 -bus {} -segdisp y -monotonicdisp 0
# Signal38
GrMeas:AtX Graph0 Signal38 41.411817792388n xyrangeAll
# M:16
Graph addsignal WF:5:8 -region 7 -yview real(y) -xview real(x) -rainbow 0 -rbcolors {} -fill #0080FF -linestyle - -width 1 -symbol {} -symwidth 10 -bar {} -barwidth 0 -baseline 0.0 -stipple {} -label v(p7_oc) -xaxis 0 -yaxis 0 -tracehi 2 -bus {} -segdisp y -monotonicdisp 0
# Signal39
Graph itemselect all rem
Graph itemselect Signal24 add
# Signal24
Graph itemselect Signal25 add
# Signal25
Graph itemselect Signal26 add
# Signal26
Graph itemselect Signal27 add
# Signal27
Graph itemselect Signal28 add
# Signal28
Graph itemselect Signal29 add
# Signal29
Graph itemselect Signal30 add
# Signal30
Graph itemselect Signal31 add
# Signal31
Graph delsignal selected
Graph:Select Graph0
Graph:DSel
Graph itemselect Signal32 add
# Signal32
Graph:DSel
GrMeas:Select Graph0 M:13 0 1
GrMeas:MoveText Graph0 M:13 0 -90 -13
GrMeas:MoveText Graph0 M:13 0 -87 -18
Graph:DSel
Mdi:ArrangeIcons
wm geometry . 1920x994+0+32
Mdi:ArrangeIcons
wm geometry . 1920x990+0+36
Mdi:ArrangeIcons
wm geometry . 1920x958+0+32
Graph addsignal WF:6:1 -region 0 -yview real(y) -xview real(x) -rainbow 0 -rbcolors {} -fill green -linestyle - -width 1 -symbol {} -symwidth 10 -bar {} -barwidth 0 -baseline 0.0 -stipple {} -label v(p0_oc) -xaxis 0 -yaxis 0 -tracehi 2 -bus {} -segdisp y -monotonicdisp 0
# Signal40
GrMeas:AtX Graph0 Signal40 43.999999999999n xyrangeAll
# M:17
Graph addsignal WF:6:2 -region 1 -yview real(y) -xview real(x) -rainbow 0 -rbcolors {} -fill magenta -linestyle - -width 1 -symbol {} -symwidth 10 -bar {} -barwidth 0 -baseline 0.0 -stipple {} -label v(p1_oc) -xaxis 0 -yaxis 0 -tracehi 2 -bus {} -segdisp y -monotonicdisp 0
# Signal41
Graph addsignal WF:6:3 -region 2 -yview real(y) -xview real(x) -rainbow 0 -rbcolors {} -fill cyan -linestyle - -width 1 -symbol {} -symwidth 10 -bar {} -barwidth 0 -baseline 0.0 -stipple {} -label v(p2_oc) -xaxis 0 -yaxis 0 -tracehi 2 -bus {} -segdisp y -monotonicdisp 0
# Signal42
Graph addsignal WF:6:4 -region 3 -yview real(y) -xview real(x) -rainbow 0 -rbcolors {} -fill yellow -linestyle - -width 1 -symbol {} -symwidth 10 -bar {} -barwidth 0 -baseline 0.0 -stipple {} -label v(p3_oc) -xaxis 0 -yaxis 0 -tracehi 2 -bus {} -segdisp y -monotonicdisp 0
# Signal43
GrMeas:AtX Graph0 Signal43 42.589857447254n xyrangeAll
# M:18
Graph addsignal WF:6:5 -region 4 -yview real(y) -xview real(x) -rainbow 0 -rbcolors {} -fill #FF8000 -linestyle - -width 1 -symbol {} -symwidth 10 -bar {} -barwidth 0 -baseline 0.0 -stipple {} -label v(p4_oc) -xaxis 0 -yaxis 0 -tracehi 2 -bus {} -segdisp y -monotonicdisp 0
# Signal44
GrMeas:AtX Graph0 Signal44 41.411817792388n xyrangeAll
# M:19
Graph addsignal WF:6:6 -region 5 -yview real(y) -xview real(x) -rainbow 0 -rbcolors {} -fill #89ffbb -linestyle - -width 1 -symbol {} -symwidth 10 -bar {} -barwidth 0 -baseline 0.0 -stipple {} -label v(p5_oc) -xaxis 0 -yaxis 0 -tracehi 2 -bus {} -segdisp y -monotonicdisp 0
# Signal45
Graph addsignal WF:6:7 -region 6 -yview real(y) -xview real(x) -rainbow 0 -rbcolors {} -fill #edbfff -linestyle - -width 1 -symbol {} -symwidth 10 -bar {} -barwidth 0 -baseline 0.0 -stipple {} -label v(p6_oc) -xaxis 0 -yaxis 0 -tracehi 2 -bus {} -segdisp y -monotonicdisp 0
# Signal46
GrMeas:AtX Graph0 Signal46 41.411817792388n xyrangeAll
# M:20
Graph addsignal WF:6:8 -region 7 -yview real(y) -xview real(x) -rainbow 0 -rbcolors {} -fill #0080FF -linestyle - -width 1 -symbol {} -symwidth 10 -bar {} -barwidth 0 -baseline 0.0 -stipple {} -label v(p7_oc) -xaxis 0 -yaxis 0 -tracehi 2 -bus {} -segdisp y -monotonicdisp 0
# Signal47
Graph itemselect all rem
Graph itemselect Signal32 add
# Signal32
Graph itemselect Signal33 add
# Signal33
Graph itemselect Signal34 add
# Signal34
Graph itemselect Signal35 add
# Signal35
Graph itemselect Signal36 add
# Signal36
Graph itemselect Signal37 add
# Signal37
Graph itemselect Signal38 add
# Signal38
Graph itemselect Signal39 add
# Signal39
Graph delsignal selected
Graph:DSel
GrMeas:Select Graph0 M:17 0 1
GrMeas:MovePoint Graph0 M:17 0 43.999999999999n 1.2104359865189
GrMeas:MoveText Graph0 M:17 0 -118 -24
Graph addsignal WF:7:1 -region 0 -yview real(y) -xview real(x) -rainbow 0 -rbcolors {} -fill green -linestyle - -width 1 -symbol {} -symwidth 10 -bar {} -barwidth 0 -baseline 0.0 -stipple {} -label v(p0_oc) -xaxis 0 -yaxis 0 -tracehi 2 -bus {} -segdisp y -monotonicdisp 0
# Signal48
GrMeas:AtX Graph0 Signal48 43.999999999999n xyrangeAll
# M:21
Graph addsignal WF:7:2 -region 1 -yview real(y) -xview real(x) -rainbow 0 -rbcolors {} -fill magenta -linestyle - -width 1 -symbol {} -symwidth 10 -bar {} -barwidth 0 -baseline 0.0 -stipple {} -label v(p1_oc) -xaxis 0 -yaxis 0 -tracehi 2 -bus {} -segdisp y -monotonicdisp 0
# Signal49
Graph addsignal WF:7:3 -region 2 -yview real(y) -xview real(x) -rainbow 0 -rbcolors {} -fill cyan -linestyle - -width 1 -symbol {} -symwidth 10 -bar {} -barwidth 0 -baseline 0.0 -stipple {} -label v(p2_oc) -xaxis 0 -yaxis 0 -tracehi 2 -bus {} -segdisp y -monotonicdisp 0
# Signal50
Graph addsignal WF:7:4 -region 3 -yview real(y) -xview real(x) -rainbow 0 -rbcolors {} -fill yellow -linestyle - -width 1 -symbol {} -symwidth 10 -bar {} -barwidth 0 -baseline 0.0 -stipple {} -label v(p3_oc) -xaxis 0 -yaxis 0 -tracehi 2 -bus {} -segdisp y -monotonicdisp 0
# Signal51
GrMeas:AtX Graph0 Signal51 42.589857447254n xyrangeAll
# M:22
Graph addsignal WF:7:5 -region 4 -yview real(y) -xview real(x) -rainbow 0 -rbcolors {} -fill #FF8000 -linestyle - -width 1 -symbol {} -symwidth 10 -bar {} -barwidth 0 -baseline 0.0 -stipple {} -label v(p4_oc) -xaxis 0 -yaxis 0 -tracehi 2 -bus {} -segdisp y -monotonicdisp 0
# Signal52
GrMeas:AtX Graph0 Signal52 41.411817792388n xyrangeAll
# M:23
Graph addsignal WF:7:6 -region 5 -yview real(y) -xview real(x) -rainbow 0 -rbcolors {} -fill #89ffbb -linestyle - -width 1 -symbol {} -symwidth 10 -bar {} -barwidth 0 -baseline 0.0 -stipple {} -label v(p5_oc) -xaxis 0 -yaxis 0 -tracehi 2 -bus {} -segdisp y -monotonicdisp 0
# Signal53
Graph addsignal WF:7:7 -region 6 -yview real(y) -xview real(x) -rainbow 0 -rbcolors {} -fill #edbfff -linestyle - -width 1 -symbol {} -symwidth 10 -bar {} -barwidth 0 -baseline 0.0 -stipple {} -label v(p6_oc) -xaxis 0 -yaxis 0 -tracehi 2 -bus {} -segdisp y -monotonicdisp 0
# Signal54
GrMeas:AtX Graph0 Signal54 41.411817792388n xyrangeAll
# M:24
Graph addsignal WF:7:8 -region 7 -yview real(y) -xview real(x) -rainbow 0 -rbcolors {} -fill #0080FF -linestyle - -width 1 -symbol {} -symwidth 10 -bar {} -barwidth 0 -baseline 0.0 -stipple {} -label v(p7_oc) -xaxis 0 -yaxis 0 -tracehi 2 -bus {} -segdisp y -monotonicdisp 0
# Signal55
Graph itemselect all rem
Graph itemselect Signal40 add
# Signal40
Graph itemselect Signal41 add
# Signal41
Graph itemselect Signal42 add
# Signal42
Graph itemselect Signal43 add
# Signal43
Graph itemselect Signal44 add
# Signal44
Graph itemselect Signal45 add
# Signal45
Graph itemselect Signal46 add
# Signal46
Graph itemselect Signal47 add
# Signal47
Graph delsignal selected
Graph addsignal WF:8:1 -region 0 -yview real(y) -xview real(x) -rainbow 0 -rbcolors {} -fill green -linestyle - -width 1 -symbol {} -symwidth 10 -bar {} -barwidth 0 -baseline 0.0 -stipple {} -label v(p0_oc) -xaxis 0 -yaxis 0 -tracehi 2 -bus {} -segdisp y -monotonicdisp 0
# Signal56
GrMeas:AtX Graph0 Signal56 43.999999999999n xyrangeAll
# M:25
Graph addsignal WF:8:2 -region 1 -yview real(y) -xview real(x) -rainbow 0 -rbcolors {} -fill magenta -linestyle - -width 1 -symbol {} -symwidth 10 -bar {} -barwidth 0 -baseline 0.0 -stipple {} -label v(p1_oc) -xaxis 0 -yaxis 0 -tracehi 2 -bus {} -segdisp y -monotonicdisp 0
# Signal57
Graph addsignal WF:8:3 -region 2 -yview real(y) -xview real(x) -rainbow 0 -rbcolors {} -fill cyan -linestyle - -width 1 -symbol {} -symwidth 10 -bar {} -barwidth 0 -baseline 0.0 -stipple {} -label v(p2_oc) -xaxis 0 -yaxis 0 -tracehi 2 -bus {} -segdisp y -monotonicdisp 0
# Signal58
Graph addsignal WF:8:4 -region 3 -yview real(y) -xview real(x) -rainbow 0 -rbcolors {} -fill yellow -linestyle - -width 1 -symbol {} -symwidth 10 -bar {} -barwidth 0 -baseline 0.0 -stipple {} -label v(p3_oc) -xaxis 0 -yaxis 0 -tracehi 2 -bus {} -segdisp y -monotonicdisp 0
# Signal59
GrMeas:AtX Graph0 Signal59 42.589857447254n xyrangeAll
# M:26
Graph addsignal WF:8:5 -region 4 -yview real(y) -xview real(x) -rainbow 0 -rbcolors {} -fill #FF8000 -linestyle - -width 1 -symbol {} -symwidth 10 -bar {} -barwidth 0 -baseline 0.0 -stipple {} -label v(p4_oc) -xaxis 0 -yaxis 0 -tracehi 2 -bus {} -segdisp y -monotonicdisp 0
# Signal60
GrMeas:AtX Graph0 Signal60 41.411817792388n xyrangeAll
# M:27
Graph addsignal WF:8:6 -region 5 -yview real(y) -xview real(x) -rainbow 0 -rbcolors {} -fill #89ffbb -linestyle - -width 1 -symbol {} -symwidth 10 -bar {} -barwidth 0 -baseline 0.0 -stipple {} -label v(p5_oc) -xaxis 0 -yaxis 0 -tracehi 2 -bus {} -segdisp y -monotonicdisp 0
# Signal61
Graph addsignal WF:8:7 -region 6 -yview real(y) -xview real(x) -rainbow 0 -rbcolors {} -fill #edbfff -linestyle - -width 1 -symbol {} -symwidth 10 -bar {} -barwidth 0 -baseline 0.0 -stipple {} -label v(p6_oc) -xaxis 0 -yaxis 0 -tracehi 2 -bus {} -segdisp y -monotonicdisp 0
# Signal62
GrMeas:AtX Graph0 Signal62 41.411817792388n xyrangeAll
# M:28
Graph addsignal WF:8:8 -region 7 -yview real(y) -xview real(x) -rainbow 0 -rbcolors {} -fill #0080FF -linestyle - -width 1 -symbol {} -symwidth 10 -bar {} -barwidth 0 -baseline 0.0 -stipple {} -label v(p7_oc) -xaxis 0 -yaxis 0 -tracehi 2 -bus {} -segdisp y -monotonicdisp 0
# Signal63
Graph itemselect all rem
Graph itemselect Signal48 add
# Signal48
Graph itemselect Signal49 add
# Signal49
Graph itemselect Signal50 add
# Signal50
Graph itemselect Signal51 add
# Signal51
Graph itemselect Signal52 add
# Signal52
Graph itemselect Signal53 add
# Signal53
Graph itemselect Signal54 add
# Signal54
Graph itemselect Signal55 add
# Signal55
Graph delsignal selected
Graph:DSel
GrMeas:Select Graph0 M:25 0 1
GrMeas:MoveText Graph0 M:25 0 -102 -24
Graph addsignal WF:9:1 -region 0 -yview real(y) -xview real(x) -rainbow 0 -rbcolors {} -fill green -linestyle - -width 1 -symbol {} -symwidth 10 -bar {} -barwidth 0 -baseline 0.0 -stipple {} -label v(p0_oc) -xaxis 0 -yaxis 0 -tracehi 2 -bus {} -segdisp y -monotonicdisp 0
# Signal64
GrMeas:AtX Graph0 Signal64 43.999999999999n xyrangeAll
# M:29
Graph addsignal WF:9:2 -region 1 -yview real(y) -xview real(x) -rainbow 0 -rbcolors {} -fill magenta -linestyle - -width 1 -symbol {} -symwidth 10 -bar {} -barwidth 0 -baseline 0.0 -stipple {} -label v(p1_oc) -xaxis 0 -yaxis 0 -tracehi 2 -bus {} -segdisp y -monotonicdisp 0
# Signal65
Graph addsignal WF:9:3 -region 2 -yview real(y) -xview real(x) -rainbow 0 -rbcolors {} -fill cyan -linestyle - -width 1 -symbol {} -symwidth 10 -bar {} -barwidth 0 -baseline 0.0 -stipple {} -label v(p2_oc) -xaxis 0 -yaxis 0 -tracehi 2 -bus {} -segdisp y -monotonicdisp 0
# Signal66
Graph addsignal WF:9:4 -region 3 -yview real(y) -xview real(x) -rainbow 0 -rbcolors {} -fill yellow -linestyle - -width 1 -symbol {} -symwidth 10 -bar {} -barwidth 0 -baseline 0.0 -stipple {} -label v(p3_oc) -xaxis 0 -yaxis 0 -tracehi 2 -bus {} -segdisp y -monotonicdisp 0
# Signal67
GrMeas:AtX Graph0 Signal67 42.589857447254n xyrangeAll
# M:30
Graph addsignal WF:9:5 -region 4 -yview real(y) -xview real(x) -rainbow 0 -rbcolors {} -fill #FF8000 -linestyle - -width 1 -symbol {} -symwidth 10 -bar {} -barwidth 0 -baseline 0.0 -stipple {} -label v(p4_oc) -xaxis 0 -yaxis 0 -tracehi 2 -bus {} -segdisp y -monotonicdisp 0
# Signal68
GrMeas:AtX Graph0 Signal68 41.411817792388n xyrangeAll
# M:31
Graph addsignal WF:9:6 -region 5 -yview real(y) -xview real(x) -rainbow 0 -rbcolors {} -fill #89ffbb -linestyle - -width 1 -symbol {} -symwidth 10 -bar {} -barwidth 0 -baseline 0.0 -stipple {} -label v(p5_oc) -xaxis 0 -yaxis 0 -tracehi 2 -bus {} -segdisp y -monotonicdisp 0
# Signal69
Graph addsignal WF:9:7 -region 6 -yview real(y) -xview real(x) -rainbow 0 -rbcolors {} -fill #edbfff -linestyle - -width 1 -symbol {} -symwidth 10 -bar {} -barwidth 0 -baseline 0.0 -stipple {} -label v(p6_oc) -xaxis 0 -yaxis 0 -tracehi 2 -bus {} -segdisp y -monotonicdisp 0
# Signal70
GrMeas:AtX Graph0 Signal70 41.411817792388n xyrangeAll
# M:32
Graph addsignal WF:9:8 -region 7 -yview real(y) -xview real(x) -rainbow 0 -rbcolors {} -fill #0080FF -linestyle - -width 1 -symbol {} -symwidth 10 -bar {} -barwidth 0 -baseline 0.0 -stipple {} -label v(p7_oc) -xaxis 0 -yaxis 0 -tracehi 2 -bus {} -segdisp y -monotonicdisp 0
# Signal71
Graph itemselect all rem
Graph itemselect Signal56 add
# Signal56
Graph itemselect Signal57 add
# Signal57
Graph itemselect Signal58 add
# Signal58
Graph itemselect Signal59 add
# Signal59
Graph itemselect Signal60 add
# Signal60
Graph itemselect Signal61 add
# Signal61
Graph itemselect Signal62 add
# Signal62
Graph itemselect Signal63 add
# Signal63
Graph delsignal selected
Graph:DSel
GrMeas:Select Graph0 M:29 0 1
GrMeas:MoveText Graph0 M:29 0 -195 15
Graph:DSel
GrMeas:Select Graph0 M:30 0 1
GrMeas:MovePoint Graph0 M:30 0 41.362632087123n 0.16276881098748
Graph:DSel
Graph:DSel
GrMeas:Select Graph0 M:30 0 1
GrMeas:MoveText Graph0 M:30 0 -86 -14
Graph:DSel
GrMeas:Select Graph0 M:31 0 1
GrMeas:MovePoint Graph0 M:31 0 41.000000000001n 0.03652100637558
GrMeas:MovePoint Graph0 M:31 0 41.362632087123n 0.16276921331885
Graph:DSel
GrMeas:Select Graph0 M:32 0 1
GrMeas:MovePoint Graph0 M:32 0 41.362632087123n 0.1627687960863
GrMeas:MoveText Graph0 M:32 0 -142 -4
GrMeas:AtX Graph0 Signal65 {} xyrangeAll
# M:33
Graph:DSel
GrMeas:Select Graph0 M:33 0 1
GrMeas:MovePoint Graph0 M:33 0 43.999999999999n 1.625319957733
GrMeas:MoveText Graph0 M:33 0 -156 33
GrMeas:MoveText Graph0 M:33 0 -141 8
GrMeas:MovePoint Graph0 M:33 0 43.999999999999n 1.625319957733
GrMeas:MovePoint Graph0 M:33 0 43.985555562453n 1.6202126825657
Graph addsignal WF:10:1 -region 0 -yview real(y) -xview real(x) -rainbow 0 -rbcolors {} -fill green -linestyle - -width 1 -symbol {} -symwidth 10 -bar {} -barwidth 0 -baseline 0.0 -stipple {} -label v(p0_oc) -xaxis 0 -yaxis 0 -tracehi 2 -bus {} -segdisp y -monotonicdisp 0
# Signal72
GrMeas:AtX Graph0 Signal72 43.999999999999n xyrangeAll
# M:34
Graph addsignal WF:10:2 -region 1 -yview real(y) -xview real(x) -rainbow 0 -rbcolors {} -fill magenta -linestyle - -width 1 -symbol {} -symwidth 10 -bar {} -barwidth 0 -baseline 0.0 -stipple {} -label v(p1_oc) -xaxis 0 -yaxis 0 -tracehi 2 -bus {} -segdisp y -monotonicdisp 0
# Signal73
GrMeas:AtX Graph0 Signal73 43.985555562453n xyrangeAll
# M:35
Graph addsignal WF:10:3 -region 2 -yview real(y) -xview real(x) -rainbow 0 -rbcolors {} -fill cyan -linestyle - -width 1 -symbol {} -symwidth 10 -bar {} -barwidth 0 -baseline 0.0 -stipple {} -label v(p2_oc) -xaxis 0 -yaxis 0 -tracehi 2 -bus {} -segdisp y -monotonicdisp 0
# Signal74
Graph addsignal WF:10:4 -region 3 -yview real(y) -xview real(x) -rainbow 0 -rbcolors {} -fill yellow -linestyle - -width 1 -symbol {} -symwidth 10 -bar {} -barwidth 0 -baseline 0.0 -stipple {} -label v(p3_oc) -xaxis 0 -yaxis 0 -tracehi 2 -bus {} -segdisp y -monotonicdisp 0
# Signal75
GrMeas:AtX Graph0 Signal75 41.362632087123n xyrangeAll
# M:36
Graph addsignal WF:10:5 -region 4 -yview real(y) -xview real(x) -rainbow 0 -rbcolors {} -fill #FF8000 -linestyle - -width 1 -symbol {} -symwidth 10 -bar {} -barwidth 0 -baseline 0.0 -stipple {} -label v(p4_oc) -xaxis 0 -yaxis 0 -tracehi 2 -bus {} -segdisp y -monotonicdisp 0
# Signal76
GrMeas:AtX Graph0 Signal76 41.362632087123n xyrangeAll
# M:37
Graph addsignal WF:10:6 -region 5 -yview real(y) -xview real(x) -rainbow 0 -rbcolors {} -fill #89ffbb -linestyle - -width 1 -symbol {} -symwidth 10 -bar {} -barwidth 0 -baseline 0.0 -stipple {} -label v(p5_oc) -xaxis 0 -yaxis 0 -tracehi 2 -bus {} -segdisp y -monotonicdisp 0
# Signal77
Graph addsignal WF:10:7 -region 6 -yview real(y) -xview real(x) -rainbow 0 -rbcolors {} -fill #edbfff -linestyle - -width 1 -symbol {} -symwidth 10 -bar {} -barwidth 0 -baseline 0.0 -stipple {} -label v(p6_oc) -xaxis 0 -yaxis 0 -tracehi 2 -bus {} -segdisp y -monotonicdisp 0
# Signal78
GrMeas:AtX Graph0 Signal78 41.362632087123n xyrangeAll
# M:38
Graph addsignal WF:10:8 -region 7 -yview real(y) -xview real(x) -rainbow 0 -rbcolors {} -fill #0080FF -linestyle - -width 1 -symbol {} -symwidth 10 -bar {} -barwidth 0 -baseline 0.0 -stipple {} -label v(p7_oc) -xaxis 0 -yaxis 0 -tracehi 2 -bus {} -segdisp y -monotonicdisp 0
# Signal79
Graph itemselect all rem
Graph itemselect Signal64 add
# Signal64
Graph itemselect Signal65 add
# Signal65
Graph itemselect Signal66 add
# Signal66
Graph itemselect Signal67 add
# Signal67
Graph itemselect Signal68 add
# Signal68
Graph itemselect Signal69 add
# Signal69
Graph itemselect Signal70 add
# Signal70
Graph itemselect Signal71 add
# Signal71
Graph delsignal selected
Graph:DSel
GrMeas:Select Graph0 M:34 0 1
GrMeas:MovePoint Graph0 M:34 0 43.999999999999n 1.3974121809008
Graph:DSel
GrMeas:Select Graph0 M:34 0 2
GrMeas:MoveText Graph0 M:34 0 -76 -6
Graph:DSel
GrMeas:Select Graph0 M:35 0 1
GrMeas:MoveText Graph0 M:35 0 -131 1
GrMeas:MovePoint Graph0 M:35 0 43.999999999999n 1.3974121809005
Graph addsignal WF:11:1 -region 0 -yview real(y) -xview real(x) -rainbow 0 -rbcolors {} -fill green -linestyle - -width 1 -symbol {} -symwidth 10 -bar {} -barwidth 0 -baseline 0.0 -stipple {} -label v(p0_oc) -xaxis 0 -yaxis 0 -tracehi 2 -bus {} -segdisp y -monotonicdisp 0
# Signal80
GrMeas:AtX Graph0 Signal80 43.999999999999n xyrangeAll
# M:39
Graph addsignal WF:11:2 -region 1 -yview real(y) -xview real(x) -rainbow 0 -rbcolors {} -fill magenta -linestyle - -width 1 -symbol {} -symwidth 10 -bar {} -barwidth 0 -baseline 0.0 -stipple {} -label v(p1_oc) -xaxis 0 -yaxis 0 -tracehi 2 -bus {} -segdisp y -monotonicdisp 0
# Signal81
GrMeas:AtX Graph0 Signal81 43.999999999999n xyrangeAll
# M:40
Graph addsignal WF:11:3 -region 2 -yview real(y) -xview real(x) -rainbow 0 -rbcolors {} -fill cyan -linestyle - -width 1 -symbol {} -symwidth 10 -bar {} -barwidth 0 -baseline 0.0 -stipple {} -label v(p2_oc) -xaxis 0 -yaxis 0 -tracehi 2 -bus {} -segdisp y -monotonicdisp 0
# Signal82
Graph addsignal WF:11:4 -region 3 -yview real(y) -xview real(x) -rainbow 0 -rbcolors {} -fill yellow -linestyle - -width 1 -symbol {} -symwidth 10 -bar {} -barwidth 0 -baseline 0.0 -stipple {} -label v(p3_oc) -xaxis 0 -yaxis 0 -tracehi 2 -bus {} -segdisp y -monotonicdisp 0
# Signal83
GrMeas:AtX Graph0 Signal83 41.362632087123n xyrangeAll
# M:41
Graph addsignal WF:11:5 -region 4 -yview real(y) -xview real(x) -rainbow 0 -rbcolors {} -fill #FF8000 -linestyle - -width 1 -symbol {} -symwidth 10 -bar {} -barwidth 0 -baseline 0.0 -stipple {} -label v(p4_oc) -xaxis 0 -yaxis 0 -tracehi 2 -bus {} -segdisp y -monotonicdisp 0
# Signal84
GrMeas:AtX Graph0 Signal84 41.362632087123n xyrangeAll
# M:42
Graph addsignal WF:11:6 -region 5 -yview real(y) -xview real(x) -rainbow 0 -rbcolors {} -fill #89ffbb -linestyle - -width 1 -symbol {} -symwidth 10 -bar {} -barwidth 0 -baseline 0.0 -stipple {} -label v(p5_oc) -xaxis 0 -yaxis 0 -tracehi 2 -bus {} -segdisp y -monotonicdisp 0
# Signal85
Graph addsignal WF:11:7 -region 6 -yview real(y) -xview real(x) -rainbow 0 -rbcolors {} -fill #edbfff -linestyle - -width 1 -symbol {} -symwidth 10 -bar {} -barwidth 0 -baseline 0.0 -stipple {} -label v(p6_oc) -xaxis 0 -yaxis 0 -tracehi 2 -bus {} -segdisp y -monotonicdisp 0
# Signal86
GrMeas:AtX Graph0 Signal86 41.362632087123n xyrangeAll
# M:43
Graph addsignal WF:11:8 -region 7 -yview real(y) -xview real(x) -rainbow 0 -rbcolors {} -fill #0080FF -linestyle - -width 1 -symbol {} -symwidth 10 -bar {} -barwidth 0 -baseline 0.0 -stipple {} -label v(p7_oc) -xaxis 0 -yaxis 0 -tracehi 2 -bus {} -segdisp y -monotonicdisp 0
# Signal87
Graph itemselect all rem
Graph itemselect Signal72 add
# Signal72
Graph itemselect Signal73 add
# Signal73
Graph itemselect Signal74 add
# Signal74
Graph itemselect Signal75 add
# Signal75
Graph itemselect Signal76 add
# Signal76
Graph itemselect Signal77 add
# Signal77
Graph itemselect Signal78 add
# Signal78
Graph itemselect Signal79 add
# Signal79
Graph delsignal selected
Graph:DSel
GrMeas:Select Graph0 M:39 0 2
GrMeas:MoveText Graph0 M:39 0 -119 -1
Graph addsignal WF:12:1 -region 0 -yview real(y) -xview real(x) -rainbow 0 -rbcolors {} -fill green -linestyle - -width 1 -symbol {} -symwidth 10 -bar {} -barwidth 0 -baseline 0.0 -stipple {} -label v(p0_oc) -xaxis 0 -yaxis 0 -tracehi 2 -bus {} -segdisp y -monotonicdisp 0
# Signal88
GrMeas:AtX Graph0 Signal88 43.999999999999n xyrangeAll
# M:44
Graph addsignal WF:12:2 -region 1 -yview real(y) -xview real(x) -rainbow 0 -rbcolors {} -fill magenta -linestyle - -width 1 -symbol {} -symwidth 10 -bar {} -barwidth 0 -baseline 0.0 -stipple {} -label v(p1_oc) -xaxis 0 -yaxis 0 -tracehi 2 -bus {} -segdisp y -monotonicdisp 0
# Signal89
GrMeas:AtX Graph0 Signal89 43.999999999999n xyrangeAll
# M:45
Graph addsignal WF:12:3 -region 2 -yview real(y) -xview real(x) -rainbow 0 -rbcolors {} -fill cyan -linestyle - -width 1 -symbol {} -symwidth 10 -bar {} -barwidth 0 -baseline 0.0 -stipple {} -label v(p2_oc) -xaxis 0 -yaxis 0 -tracehi 2 -bus {} -segdisp y -monotonicdisp 0
# Signal90
Graph addsignal WF:12:4 -region 3 -yview real(y) -xview real(x) -rainbow 0 -rbcolors {} -fill yellow -linestyle - -width 1 -symbol {} -symwidth 10 -bar {} -barwidth 0 -baseline 0.0 -stipple {} -label v(p3_oc) -xaxis 0 -yaxis 0 -tracehi 2 -bus {} -segdisp y -monotonicdisp 0
# Signal91
GrMeas:AtX Graph0 Signal91 41.362632087123n xyrangeAll
# M:46
Graph addsignal WF:12:5 -region 4 -yview real(y) -xview real(x) -rainbow 0 -rbcolors {} -fill #FF8000 -linestyle - -width 1 -symbol {} -symwidth 10 -bar {} -barwidth 0 -baseline 0.0 -stipple {} -label v(p4_oc) -xaxis 0 -yaxis 0 -tracehi 2 -bus {} -segdisp y -monotonicdisp 0
# Signal92
GrMeas:AtX Graph0 Signal92 41.362632087123n xyrangeAll
# M:47
Graph addsignal WF:12:6 -region 5 -yview real(y) -xview real(x) -rainbow 0 -rbcolors {} -fill #89ffbb -linestyle - -width 1 -symbol {} -symwidth 10 -bar {} -barwidth 0 -baseline 0.0 -stipple {} -label v(p5_oc) -xaxis 0 -yaxis 0 -tracehi 2 -bus {} -segdisp y -monotonicdisp 0
# Signal93
Graph addsignal WF:12:7 -region 6 -yview real(y) -xview real(x) -rainbow 0 -rbcolors {} -fill #edbfff -linestyle - -width 1 -symbol {} -symwidth 10 -bar {} -barwidth 0 -baseline 0.0 -stipple {} -label v(p6_oc) -xaxis 0 -yaxis 0 -tracehi 2 -bus {} -segdisp y -monotonicdisp 0
# Signal94
GrMeas:AtX Graph0 Signal94 41.362632087123n xyrangeAll
# M:48
Graph addsignal WF:12:8 -region 7 -yview real(y) -xview real(x) -rainbow 0 -rbcolors {} -fill #0080FF -linestyle - -width 1 -symbol {} -symwidth 10 -bar {} -barwidth 0 -baseline 0.0 -stipple {} -label v(p7_oc) -xaxis 0 -yaxis 0 -tracehi 2 -bus {} -segdisp y -monotonicdisp 0
# Signal95
Graph itemselect all rem
Graph itemselect Signal80 add
# Signal80
Graph itemselect Signal81 add
# Signal81
Graph itemselect Signal82 add
# Signal82
Graph itemselect Signal83 add
# Signal83
Graph itemselect Signal84 add
# Signal84
Graph itemselect Signal85 add
# Signal85
Graph itemselect Signal86 add
# Signal86
Graph itemselect Signal87 add
# Signal87
Graph delsignal selected
Graph:DSel
GrMeas:Select Graph0 M:44 0 1
GrMeas:MoveText Graph0 M:44 0 -127 -8
GrMeas:MovePoint Graph0 M:44 0 43.999999999999n 1.3974121809008
Graph:DSel
GrMeas:Select Graph0 M:44 0 2
GrMeas:MoveText Graph0 M:44 0 -128 -19
pf:read PF:12 v(p0_f)
# WF:12:9
Graph addsignal WF:12:9 -region new -yview real(y) -xview real(x) -tracehi 2
# Signal96
Graph:DSel
Graph itemselect AxisX(0) add
# AxisX(0)
Graph:Select Graph0
Graph:DSel
Graph itemselect Signal96 add
# Signal96
Graph sigconfig {Signal96 Signal89 Signal90 Signal91 Signal92 Signal93 Signal94 Signal95} -regswap {1 2 3 4 5 6 7 8}
Graph:DSel
Graph:DSel
Graph addsignal WF:13:2 -region 0 -yview real(y) -xview real(x) -rainbow 0 -rbcolors {} -fill green -linestyle - -width 1 -symbol {} -symwidth 10 -bar {} -barwidth 0 -baseline 0.0 -stipple {} -label v(p0_oc) -xaxis 0 -yaxis 0 -tracehi 2 -bus {} -segdisp y -monotonicdisp 0
# Signal97
GrMeas:AtX Graph0 Signal97 43.999999999999n xyrangeAll
# M:49
Graph addsignal WF:13:1 -region 1 -yview real(y) -xview real(x) -rainbow 0 -rbcolors {} -fill #edbfff -linestyle - -width 1 -symbol {} -symwidth 10 -bar {} -barwidth 0 -baseline 0.0 -stipple {} -label v(p0_f) -xaxis 0 -yaxis 0 -tracehi 2 -bus {} -segdisp y -monotonicdisp 0
# Signal98
Graph addsignal WF:13:3 -region 2 -yview real(y) -xview real(x) -rainbow 0 -rbcolors {} -fill magenta -linestyle - -width 1 -symbol {} -symwidth 10 -bar {} -barwidth 0 -baseline 0.0 -stipple {} -label v(p1_oc) -xaxis 0 -yaxis 0 -tracehi 2 -bus {} -segdisp y -monotonicdisp 0
# Signal99
GrMeas:AtX Graph0 Signal99 43.999999999999n xyrangeAll
# M:50
Graph addsignal WF:13:4 -region 3 -yview real(y) -xview real(x) -rainbow 0 -rbcolors {} -fill cyan -linestyle - -width 1 -symbol {} -symwidth 10 -bar {} -barwidth 0 -baseline 0.0 -stipple {} -label v(p2_oc) -xaxis 0 -yaxis 0 -tracehi 2 -bus {} -segdisp y -monotonicdisp 0
# Signal100
Graph addsignal WF:13:5 -region 4 -yview real(y) -xview real(x) -rainbow 0 -rbcolors {} -fill yellow -linestyle - -width 1 -symbol {} -symwidth 10 -bar {} -barwidth 0 -baseline 0.0 -stipple {} -label v(p3_oc) -xaxis 0 -yaxis 0 -tracehi 2 -bus {} -segdisp y -monotonicdisp 0
# Signal101
GrMeas:AtX Graph0 Signal101 41.362632087123n xyrangeAll
# M:51
Graph addsignal WF:13:6 -region 5 -yview real(y) -xview real(x) -rainbow 0 -rbcolors {} -fill #FF8000 -linestyle - -width 1 -symbol {} -symwidth 10 -bar {} -barwidth 0 -baseline 0.0 -stipple {} -label v(p4_oc) -xaxis 0 -yaxis 0 -tracehi 2 -bus {} -segdisp y -monotonicdisp 0
# Signal102
GrMeas:AtX Graph0 Signal102 41.362632087123n xyrangeAll
# M:52
Graph addsignal WF:13:7 -region 6 -yview real(y) -xview real(x) -rainbow 0 -rbcolors {} -fill #89ffbb -linestyle - -width 1 -symbol {} -symwidth 10 -bar {} -barwidth 0 -baseline 0.0 -stipple {} -label v(p5_oc) -xaxis 0 -yaxis 0 -tracehi 2 -bus {} -segdisp y -monotonicdisp 0
# Signal103
Graph addsignal WF:13:8 -region 7 -yview real(y) -xview real(x) -rainbow 0 -rbcolors {} -fill #edbfff -linestyle - -width 1 -symbol {} -symwidth 10 -bar {} -barwidth 0 -baseline 0.0 -stipple {} -label v(p6_oc) -xaxis 0 -yaxis 0 -tracehi 2 -bus {} -segdisp y -monotonicdisp 0
# Signal104
GrMeas:AtX Graph0 Signal104 41.362632087123n xyrangeAll
# M:53
Graph addsignal WF:13:9 -region 8 -yview real(y) -xview real(x) -rainbow 0 -rbcolors {} -fill #0080FF -linestyle - -width 1 -symbol {} -symwidth 10 -bar {} -barwidth 0 -baseline 0.0 -stipple {} -label v(p7_oc) -xaxis 0 -yaxis 0 -tracehi 2 -bus {} -segdisp y -monotonicdisp 0
# Signal105
Graph itemselect all rem
Graph itemselect Signal88 add
# Signal88
Graph itemselect Signal96 add
# Signal96
Graph itemselect Signal89 add
# Signal89
Graph itemselect Signal90 add
# Signal90
Graph itemselect Signal91 add
# Signal91
Graph itemselect Signal92 add
# Signal92
Graph itemselect Signal93 add
# Signal93
Graph itemselect Signal94 add
# Signal94
Graph itemselect Signal95 add
# Signal95
Graph delsignal selected
Graph:DSel
GrMeas:Select Graph0 M:49 0 1
GrMeas:MovePoint Graph0 M:49 0 43.999999999999n 1.4840897321703
GrMeas:MoveText Graph0 M:49 0 -110 -6
Graph addsignal WF:14:2 -region 0 -yview real(y) -xview real(x) -rainbow 0 -rbcolors {} -fill green -linestyle - -width 1 -symbol {} -symwidth 10 -bar {} -barwidth 0 -baseline 0.0 -stipple {} -label v(p0_oc) -xaxis 0 -yaxis 0 -tracehi 2 -bus {} -segdisp y -monotonicdisp 0
# Signal106
GrMeas:AtX Graph0 Signal106 43.999999999999n xyrangeAll
# M:54
Graph addsignal WF:14:1 -region 1 -yview real(y) -xview real(x) -rainbow 0 -rbcolors {} -fill #edbfff -linestyle - -width 1 -symbol {} -symwidth 10 -bar {} -barwidth 0 -baseline 0.0 -stipple {} -label v(p0_f) -xaxis 0 -yaxis 0 -tracehi 2 -bus {} -segdisp y -monotonicdisp 0
# Signal107
Graph addsignal WF:14:3 -region 2 -yview real(y) -xview real(x) -rainbow 0 -rbcolors {} -fill magenta -linestyle - -width 1 -symbol {} -symwidth 10 -bar {} -barwidth 0 -baseline 0.0 -stipple {} -label v(p1_oc) -xaxis 0 -yaxis 0 -tracehi 2 -bus {} -segdisp y -monotonicdisp 0
# Signal108
GrMeas:AtX Graph0 Signal108 43.999999999999n xyrangeAll
# M:55
Graph addsignal WF:14:4 -region 3 -yview real(y) -xview real(x) -rainbow 0 -rbcolors {} -fill cyan -linestyle - -width 1 -symbol {} -symwidth 10 -bar {} -barwidth 0 -baseline 0.0 -stipple {} -label v(p2_oc) -xaxis 0 -yaxis 0 -tracehi 2 -bus {} -segdisp y -monotonicdisp 0
# Signal109
Graph addsignal WF:14:5 -region 4 -yview real(y) -xview real(x) -rainbow 0 -rbcolors {} -fill yellow -linestyle - -width 1 -symbol {} -symwidth 10 -bar {} -barwidth 0 -baseline 0.0 -stipple {} -label v(p3_oc) -xaxis 0 -yaxis 0 -tracehi 2 -bus {} -segdisp y -monotonicdisp 0
# Signal110
GrMeas:AtX Graph0 Signal110 41.362632087123n xyrangeAll
# M:56
Graph addsignal WF:14:6 -region 5 -yview real(y) -xview real(x) -rainbow 0 -rbcolors {} -fill #FF8000 -linestyle - -width 1 -symbol {} -symwidth 10 -bar {} -barwidth 0 -baseline 0.0 -stipple {} -label v(p4_oc) -xaxis 0 -yaxis 0 -tracehi 2 -bus {} -segdisp y -monotonicdisp 0
# Signal111
GrMeas:AtX Graph0 Signal111 41.362632087123n xyrangeAll
# M:57
Graph addsignal WF:14:7 -region 6 -yview real(y) -xview real(x) -rainbow 0 -rbcolors {} -fill #89ffbb -linestyle - -width 1 -symbol {} -symwidth 10 -bar {} -barwidth 0 -baseline 0.0 -stipple {} -label v(p5_oc) -xaxis 0 -yaxis 0 -tracehi 2 -bus {} -segdisp y -monotonicdisp 0
# Signal112
Graph addsignal WF:14:8 -region 7 -yview real(y) -xview real(x) -rainbow 0 -rbcolors {} -fill #edbfff -linestyle - -width 1 -symbol {} -symwidth 10 -bar {} -barwidth 0 -baseline 0.0 -stipple {} -label v(p6_oc) -xaxis 0 -yaxis 0 -tracehi 2 -bus {} -segdisp y -monotonicdisp 0
# Signal113
GrMeas:AtX Graph0 Signal113 41.362632087123n xyrangeAll
# M:58
Graph addsignal WF:14:9 -region 8 -yview real(y) -xview real(x) -rainbow 0 -rbcolors {} -fill #0080FF -linestyle - -width 1 -symbol {} -symwidth 10 -bar {} -barwidth 0 -baseline 0.0 -stipple {} -label v(p7_oc) -xaxis 0 -yaxis 0 -tracehi 2 -bus {} -segdisp y -monotonicdisp 0
# Signal114
Graph itemselect all rem
Graph itemselect Signal97 add
# Signal97
Graph itemselect Signal98 add
# Signal98
Graph itemselect Signal99 add
# Signal99
Graph itemselect Signal100 add
# Signal100
Graph itemselect Signal101 add
# Signal101
Graph itemselect Signal102 add
# Signal102
Graph itemselect Signal103 add
# Signal103
Graph itemselect Signal104 add
# Signal104
Graph itemselect Signal105 add
# Signal105
Graph delsignal selected
Graph addsignal WF:15:2 -region 0 -yview real(y) -xview real(x) -rainbow 0 -rbcolors {} -fill green -linestyle - -width 1 -symbol {} -symwidth 10 -bar {} -barwidth 0 -baseline 0.0 -stipple {} -label v(p0_oc) -xaxis 0 -yaxis 0 -tracehi 2 -bus {} -segdisp y -monotonicdisp 0
# Signal115
GrMeas:AtX Graph0 Signal115 43.999999999999n xyrangeAll
# M:59
Graph addsignal WF:15:1 -region 1 -yview real(y) -xview real(x) -rainbow 0 -rbcolors {} -fill #edbfff -linestyle - -width 1 -symbol {} -symwidth 10 -bar {} -barwidth 0 -baseline 0.0 -stipple {} -label v(p0_f) -xaxis 0 -yaxis 0 -tracehi 2 -bus {} -segdisp y -monotonicdisp 0
# Signal116
Graph addsignal WF:15:3 -region 2 -yview real(y) -xview real(x) -rainbow 0 -rbcolors {} -fill magenta -linestyle - -width 1 -symbol {} -symwidth 10 -bar {} -barwidth 0 -baseline 0.0 -stipple {} -label v(p1_oc) -xaxis 0 -yaxis 0 -tracehi 2 -bus {} -segdisp y -monotonicdisp 0
# Signal117
GrMeas:AtX Graph0 Signal117 43.999999999999n xyrangeAll
# M:60
Graph addsignal WF:15:4 -region 3 -yview real(y) -xview real(x) -rainbow 0 -rbcolors {} -fill cyan -linestyle - -width 1 -symbol {} -symwidth 10 -bar {} -barwidth 0 -baseline 0.0 -stipple {} -label v(p2_oc) -xaxis 0 -yaxis 0 -tracehi 2 -bus {} -segdisp y -monotonicdisp 0
# Signal118
Graph addsignal WF:15:5 -region 4 -yview real(y) -xview real(x) -rainbow 0 -rbcolors {} -fill yellow -linestyle - -width 1 -symbol {} -symwidth 10 -bar {} -barwidth 0 -baseline 0.0 -stipple {} -label v(p3_oc) -xaxis 0 -yaxis 0 -tracehi 2 -bus {} -segdisp y -monotonicdisp 0
# Signal119
GrMeas:AtX Graph0 Signal119 41.362632087123n xyrangeAll
# M:61
Graph addsignal WF:15:6 -region 5 -yview real(y) -xview real(x) -rainbow 0 -rbcolors {} -fill #FF8000 -linestyle - -width 1 -symbol {} -symwidth 10 -bar {} -barwidth 0 -baseline 0.0 -stipple {} -label v(p4_oc) -xaxis 0 -yaxis 0 -tracehi 2 -bus {} -segdisp y -monotonicdisp 0
# Signal120
GrMeas:AtX Graph0 Signal120 41.362632087123n xyrangeAll
# M:62
Graph addsignal WF:15:7 -region 6 -yview real(y) -xview real(x) -rainbow 0 -rbcolors {} -fill #89ffbb -linestyle - -width 1 -symbol {} -symwidth 10 -bar {} -barwidth 0 -baseline 0.0 -stipple {} -label v(p5_oc) -xaxis 0 -yaxis 0 -tracehi 2 -bus {} -segdisp y -monotonicdisp 0
# Signal121
Graph addsignal WF:15:8 -region 7 -yview real(y) -xview real(x) -rainbow 0 -rbcolors {} -fill #edbfff -linestyle - -width 1 -symbol {} -symwidth 10 -bar {} -barwidth 0 -baseline 0.0 -stipple {} -label v(p6_oc) -xaxis 0 -yaxis 0 -tracehi 2 -bus {} -segdisp y -monotonicdisp 0
# Signal122
GrMeas:AtX Graph0 Signal122 41.362632087123n xyrangeAll
# M:63
Graph addsignal WF:15:9 -region 8 -yview real(y) -xview real(x) -rainbow 0 -rbcolors {} -fill #0080FF -linestyle - -width 1 -symbol {} -symwidth 10 -bar {} -barwidth 0 -baseline 0.0 -stipple {} -label v(p7_oc) -xaxis 0 -yaxis 0 -tracehi 2 -bus {} -segdisp y -monotonicdisp 0
# Signal123
Graph itemselect all rem
Graph itemselect Signal106 add
# Signal106
Graph itemselect Signal107 add
# Signal107
Graph itemselect Signal108 add
# Signal108
Graph itemselect Signal109 add
# Signal109
Graph itemselect Signal110 add
# Signal110
Graph itemselect Signal111 add
# Signal111
Graph itemselect Signal112 add
# Signal112
Graph itemselect Signal113 add
# Signal113
Graph itemselect Signal114 add
# Signal114
Graph delsignal selected
Graph:DSel
GrMeas:Select Graph0 M:59 0 2
GrMeas:MoveText Graph0 M:59 0 -175 -14
GrMeas:MoveText Graph0 M:59 0 -164 -23
GrMeas:MovePoint Graph0 M:59 0 43.999999999999n 1.6301825046541
Graph addsignal WF:16:2 -region 0 -yview real(y) -xview real(x) -rainbow 0 -rbcolors {} -fill green -linestyle - -width 1 -symbol {} -symwidth 10 -bar {} -barwidth 0 -baseline 0.0 -stipple {} -label v(p0_oc) -xaxis 0 -yaxis 0 -tracehi 2 -bus {} -segdisp y -monotonicdisp 0
# Signal124
GrMeas:AtX Graph0 Signal124 43.999999999999n xyrangeAll
# M:64
Graph addsignal WF:16:1 -region 1 -yview real(y) -xview real(x) -rainbow 0 -rbcolors {} -fill #edbfff -linestyle - -width 1 -symbol {} -symwidth 10 -bar {} -barwidth 0 -baseline 0.0 -stipple {} -label v(p0_f) -xaxis 0 -yaxis 0 -tracehi 2 -bus {} -segdisp y -monotonicdisp 0
# Signal125
Graph addsignal WF:16:3 -region 2 -yview real(y) -xview real(x) -rainbow 0 -rbcolors {} -fill magenta -linestyle - -width 1 -symbol {} -symwidth 10 -bar {} -barwidth 0 -baseline 0.0 -stipple {} -label v(p1_oc) -xaxis 0 -yaxis 0 -tracehi 2 -bus {} -segdisp y -monotonicdisp 0
# Signal126
GrMeas:AtX Graph0 Signal126 43.999999999999n xyrangeAll
# M:65
Graph addsignal WF:16:4 -region 3 -yview real(y) -xview real(x) -rainbow 0 -rbcolors {} -fill cyan -linestyle - -width 1 -symbol {} -symwidth 10 -bar {} -barwidth 0 -baseline 0.0 -stipple {} -label v(p2_oc) -xaxis 0 -yaxis 0 -tracehi 2 -bus {} -segdisp y -monotonicdisp 0
# Signal127
Graph addsignal WF:16:5 -region 4 -yview real(y) -xview real(x) -rainbow 0 -rbcolors {} -fill yellow -linestyle - -width 1 -symbol {} -symwidth 10 -bar {} -barwidth 0 -baseline 0.0 -stipple {} -label v(p3_oc) -xaxis 0 -yaxis 0 -tracehi 2 -bus {} -segdisp y -monotonicdisp 0
# Signal128
GrMeas:AtX Graph0 Signal128 41.362632087123n xyrangeAll
# M:66
Graph addsignal WF:16:6 -region 5 -yview real(y) -xview real(x) -rainbow 0 -rbcolors {} -fill #FF8000 -linestyle - -width 1 -symbol {} -symwidth 10 -bar {} -barwidth 0 -baseline 0.0 -stipple {} -label v(p4_oc) -xaxis 0 -yaxis 0 -tracehi 2 -bus {} -segdisp y -monotonicdisp 0
# Signal129
GrMeas:AtX Graph0 Signal129 41.362632087123n xyrangeAll
# M:67
Graph addsignal WF:16:7 -region 6 -yview real(y) -xview real(x) -rainbow 0 -rbcolors {} -fill #89ffbb -linestyle - -width 1 -symbol {} -symwidth 10 -bar {} -barwidth 0 -baseline 0.0 -stipple {} -label v(p5_oc) -xaxis 0 -yaxis 0 -tracehi 2 -bus {} -segdisp y -monotonicdisp 0
# Signal130
Graph addsignal WF:16:8 -region 7 -yview real(y) -xview real(x) -rainbow 0 -rbcolors {} -fill #edbfff -linestyle - -width 1 -symbol {} -symwidth 10 -bar {} -barwidth 0 -baseline 0.0 -stipple {} -label v(p6_oc) -xaxis 0 -yaxis 0 -tracehi 2 -bus {} -segdisp y -monotonicdisp 0
# Signal131
GrMeas:AtX Graph0 Signal131 41.362632087123n xyrangeAll
# M:68
Graph addsignal WF:16:9 -region 8 -yview real(y) -xview real(x) -rainbow 0 -rbcolors {} -fill #0080FF -linestyle - -width 1 -symbol {} -symwidth 10 -bar {} -barwidth 0 -baseline 0.0 -stipple {} -label v(p7_oc) -xaxis 0 -yaxis 0 -tracehi 2 -bus {} -segdisp y -monotonicdisp 0
# Signal132
Graph itemselect all rem
Graph itemselect Signal115 add
# Signal115
Graph itemselect Signal116 add
# Signal116
Graph itemselect Signal117 add
# Signal117
Graph itemselect Signal118 add
# Signal118
Graph itemselect Signal119 add
# Signal119
Graph itemselect Signal120 add
# Signal120
Graph itemselect Signal121 add
# Signal121
Graph itemselect Signal122 add
# Signal122
Graph itemselect Signal123 add
# Signal123
Graph delsignal selected
Graph:DSel
GrMeas:Select Graph0 M:64 0 1
GrMeas:MoveText Graph0 M:64 0 -88 -16
GrMeas:MovePoint Graph0 M:64 0 43.999999999999n 2.0455758571624
GrMeas:MovePoint Graph0 M:64 0 43.999999999999n 2.0455758571624
Graph:DSel
GrMeas:Select Graph0 M:65 0 1
GrMeas:MoveText Graph0 M:65 0 -73 -39
Graph:DSel
GrMeas:AtX Graph0 Signal125 {} xyrangeAll
# M:69
Graph:DSel
GrMeas:Select Graph0 M:69 0 1
GrMeas:MoveText Graph0 M:69 0 -63 -7
Graph:DSel
GrMeas:Select Graph0 M:64 0 1
GrMeas:MovePoint Graph0 M:64 0 43.574799138478n 1.6352880071886
GrMeas:MovePoint Graph0 M:64 0 43.245286053316n 1.1927073001863
Graph:DSel
GrMeas:Select Graph0 M:69 0 1
GrMeas:MovePoint Graph0 M:69 0 42.251602002553n 1.788778681345
